Start testing: Jul 20 08:08 India Standard Time
----------------------------------------------------------
1/21 Testing: MoneyTests.DefaultValueIsZero
1/21 Test: MoneyTests.DefaultValueIsZero
Command: "C:/Users/p.anvesh/source/repos/Debt-Pilot/build/tests/Debug/debtpilot_tests.exe" "--gtest_filter=MoneyTests.DefaultValueIsZero" "--gtest_also_run_disabled_tests"
Directory: C:/Users/p.anvesh/source/repos/Debt-Pilot/build/tests
"MoneyTests.DefaultValueIsZero" start time: Jul 20 08:08 India Standard Time
Output:
----------------------------------------------------------
Running main() from C:\Users\p.anvesh\source\repos\Debt-Pilot\build\_deps\googletest-src\googletest\src\gtest_main.cc
Note: Google Test filter = MoneyTests.DefaultValueIsZero
[==========] Running 1 test from 1 test suite.
[----------] Global test environment set-up.
[----------] 1 test from MoneyTests
[ RUN      ] MoneyTests.DefaultValueIsZero
[       OK ] MoneyTests.DefaultValueIsZero (0 ms)
[----------] 1 test from MoneyTests (0 ms total)

[----------] Global test environment tear-down
[==========] 1 test from 1 test suite ran. (0 ms total)
[  PASSED  ] 1 test.
<end of output>
Test time =   0.03 sec
----------------------------------------------------------
Test Passed.
"MoneyTests.DefaultValueIsZero" end time: Jul 20 08:08 India Standard Time
"MoneyTests.DefaultValueIsZero" time elapsed: 00:00:00
----------------------------------------------------------

2/21 Testing: MoneyTests.StoresPaise
2/21 Test: MoneyTests.StoresPaise
Command: "C:/Users/p.anvesh/source/repos/Debt-Pilot/build/tests/Debug/debtpilot_tests.exe" "--gtest_filter=MoneyTests.StoresPaise" "--gtest_also_run_disabled_tests"
Directory: C:/Users/p.anvesh/source/repos/Debt-Pilot/build/tests
"MoneyTests.StoresPaise" start time: Jul 20 08:08 India Standard Time
Output:
----------------------------------------------------------
Running main() from C:\Users\p.anvesh\source\repos\Debt-Pilot\build\_deps\googletest-src\googletest\src\gtest_main.cc
Note: Google Test filter = MoneyTests.StoresPaise
[==========] Running 1 test from 1 test suite.
[----------] Global test environment set-up.
[----------] 1 test from MoneyTests
[ RUN      ] MoneyTests.StoresPaise
[       OK ] MoneyTests.StoresPaise (0 ms)
[----------] 1 test from MoneyTests (0 ms total)

[----------] Global test environment tear-down
[==========] 1 test from 1 test suite ran. (0 ms total)
[  PASSED  ] 1 test.
<end of output>
Test time =   0.02 sec
----------------------------------------------------------
Test Passed.
"MoneyTests.StoresPaise" end time: Jul 20 08:08 India Standard Time
"MoneyTests.StoresPaise" time elapsed: 00:00:00
----------------------------------------------------------

3/21 Testing: MoneyTests.StoresSigned64BitBoundaries
3/21 Test: MoneyTests.StoresSigned64BitBoundaries
Command: "C:/Users/p.anvesh/source/repos/Debt-Pilot/build/tests/Debug/debtpilot_tests.exe" "--gtest_filter=MoneyTests.StoresSigned64BitBoundaries" "--gtest_also_run_disabled_tests"
Directory: C:/Users/p.anvesh/source/repos/Debt-Pilot/build/tests
"MoneyTests.StoresSigned64BitBoundaries" start time: Jul 20 08:08 India Standard Time
Output:
----------------------------------------------------------
Running main() from C:\Users\p.anvesh\source\repos\Debt-Pilot\build\_deps\googletest-src\googletest\src\gtest_main.cc
Note: Google Test filter = MoneyTests.StoresSigned64BitBoundaries
[==========] Running 1 test from 1 test suite.
[----------] Global test environment set-up.
[----------] 1 test from MoneyTests
[ RUN      ] MoneyTests.StoresSigned64BitBoundaries
[       OK ] MoneyTests.StoresSigned64BitBoundaries (0 ms)
[----------] 1 test from MoneyTests (0 ms total)

[----------] Global test environment tear-down
[==========] 1 test from 1 test suite ran. (0 ms total)
[  PASSED  ] 1 test.
<end of output>
Test time =   0.02 sec
----------------------------------------------------------
Test Passed.
"MoneyTests.StoresSigned64BitBoundaries" end time: Jul 20 08:08 India Standard Time
"MoneyTests.StoresSigned64BitBoundaries" time elapsed: 00:00:00
----------------------------------------------------------

4/21 Testing: MoneyTests.StoresNegativePaise
4/21 Test: MoneyTests.StoresNegativePaise
Command: "C:/Users/p.anvesh/source/repos/Debt-Pilot/build/tests/Debug/debtpilot_tests.exe" "--gtest_filter=MoneyTests.StoresNegativePaise" "--gtest_also_run_disabled_tests"
Directory: C:/Users/p.anvesh/source/repos/Debt-Pilot/build/tests
"MoneyTests.StoresNegativePaise" start time: Jul 20 08:08 India Standard Time
Output:
----------------------------------------------------------
Running main() from C:\Users\p.anvesh\source\repos\Debt-Pilot\build\_deps\googletest-src\googletest\src\gtest_main.cc
Note: Google Test filter = MoneyTests.StoresNegativePaise
[==========] Running 1 test from 1 test suite.
[----------] Global test environment set-up.
[----------] 1 test from MoneyTests
[ RUN      ] MoneyTests.StoresNegativePaise
[       OK ] MoneyTests.StoresNegativePaise (0 ms)
[----------] 1 test from MoneyTests (0 ms total)

[----------] Global test environment tear-down
[==========] 1 test from 1 test suite ran. (0 ms total)
[  PASSED  ] 1 test.
<end of output>
Test time =   0.02 sec
----------------------------------------------------------
Test Passed.
"MoneyTests.StoresNegativePaise" end time: Jul 20 08:08 India Standard Time
"MoneyTests.StoresNegativePaise" time elapsed: 00:00:00
----------------------------------------------------------

5/21 Testing: MoneyTests.AddsAmounts
5/21 Test: MoneyTests.AddsAmounts
Command: "C:/Users/p.anvesh/source/repos/Debt-Pilot/build/tests/Debug/debtpilot_tests.exe" "--gtest_filter=MoneyTests.AddsAmounts" "--gtest_also_run_disabled_tests"
Directory: C:/Users/p.anvesh/source/repos/Debt-Pilot/build/tests
"MoneyTests.AddsAmounts" start time: Jul 20 08:08 India Standard Time
Output:
----------------------------------------------------------
Running main() from C:\Users\p.anvesh\source\repos\Debt-Pilot\build\_deps\googletest-src\googletest\src\gtest_main.cc
Note: Google Test filter = MoneyTests.AddsAmounts
[==========] Running 1 test from 1 test suite.
[----------] Global test environment set-up.
[----------] 1 test from MoneyTests
[ RUN      ] MoneyTests.AddsAmounts
[       OK ] MoneyTests.AddsAmounts (0 ms)
[----------] 1 test from MoneyTests (0 ms total)

[----------] Global test environment tear-down
[==========] 1 test from 1 test suite ran. (0 ms total)
[  PASSED  ] 1 test.
<end of output>
Test time =   0.02 sec
----------------------------------------------------------
Test Passed.
"MoneyTests.AddsAmounts" end time: Jul 20 08:08 India Standard Time
"MoneyTests.AddsAmounts" time elapsed: 00:00:00
----------------------------------------------------------

6/21 Testing: MoneyTests.SubtractsAmounts
6/21 Test: MoneyTests.SubtractsAmounts
Command: "C:/Users/p.anvesh/source/repos/Debt-Pilot/build/tests/Debug/debtpilot_tests.exe" "--gtest_filter=MoneyTests.SubtractsAmounts" "--gtest_also_run_disabled_tests"
Directory: C:/Users/p.anvesh/source/repos/Debt-Pilot/build/tests
"MoneyTests.SubtractsAmounts" start time: Jul 20 08:08 India Standard Time
Output:
----------------------------------------------------------
Running main() from C:\Users\p.anvesh\source\repos\Debt-Pilot\build\_deps\googletest-src\googletest\src\gtest_main.cc
Note: Google Test filter = MoneyTests.SubtractsAmounts
[==========] Running 1 test from 1 test suite.
[----------] Global test environment set-up.
[----------] 1 test from MoneyTests
[ RUN      ] MoneyTests.SubtractsAmounts
[       OK ] MoneyTests.SubtractsAmounts (0 ms)
[----------] 1 test from MoneyTests (0 ms total)

[----------] Global test environment tear-down
[==========] 1 test from 1 test suite ran. (0 ms total)
[  PASSED  ] 1 test.
<end of output>
Test time =   0.02 sec
----------------------------------------------------------
Test Passed.
"MoneyTests.SubtractsAmounts" end time: Jul 20 08:08 India Standard Time
"MoneyTests.SubtractsAmounts" time elapsed: 00:00:00
----------------------------------------------------------

7/21 Testing: MoneyTests.SupportsComparison
7/21 Test: MoneyTests.SupportsComparison
Command: "C:/Users/p.anvesh/source/repos/Debt-Pilot/build/tests/Debug/debtpilot_tests.exe" "--gtest_filter=MoneyTests.SupportsComparison" "--gtest_also_run_disabled_tests"
Directory: C:/Users/p.anvesh/source/repos/Debt-Pilot/build/tests
"MoneyTests.SupportsComparison" start time: Jul 20 08:08 India Standard Time
Output:
----------------------------------------------------------
Running main() from C:\Users\p.anvesh\source\repos\Debt-Pilot\build\_deps\googletest-src\googletest\src\gtest_main.cc
Note: Google Test filter = MoneyTests.SupportsComparison
[==========] Running 1 test from 1 test suite.
[----------] Global test environment set-up.
[----------] 1 test from MoneyTests
[ RUN      ] MoneyTests.SupportsComparison
[       OK ] MoneyTests.SupportsComparison (0 ms)
[----------] 1 test from MoneyTests (0 ms total)

[----------] Global test environment tear-down
[==========] 1 test from 1 test suite ran. (0 ms total)
[  PASSED  ] 1 test.
<end of output>
Test time =   0.02 sec
----------------------------------------------------------
Test Passed.
"MoneyTests.SupportsComparison" end time: Jul 20 08:08 India Standard Time
"MoneyTests.SupportsComparison" time elapsed: 00:00:00
----------------------------------------------------------

8/21 Testing: InterestRateTests.ZeroRate
8/21 Test: InterestRateTests.ZeroRate
Command: "C:/Users/p.anvesh/source/repos/Debt-Pilot/build/tests/Debug/debtpilot_tests.exe" "--gtest_filter=InterestRateTests.ZeroRate" "--gtest_also_run_disabled_tests"
Directory: C:/Users/p.anvesh/source/repos/Debt-Pilot/build/tests
"InterestRateTests.ZeroRate" start time: Jul 20 08:08 India Standard Time
Output:
----------------------------------------------------------
Running main() from C:\Users\p.anvesh\source\repos\Debt-Pilot\build\_deps\googletest-src\googletest\src\gtest_main.cc
Note: Google Test filter = InterestRateTests.ZeroRate
[==========] Running 1 test from 1 test suite.
[----------] Global test environment set-up.
[----------] 1 test from InterestRateTests
[ RUN      ] InterestRateTests.ZeroRate
[       OK ] InterestRateTests.ZeroRate (0 ms)
[----------] 1 test from InterestRateTests (0 ms total)

[----------] Global test environment tear-down
[==========] 1 test from 1 test suite ran. (0 ms total)
[  PASSED  ] 1 test.
<end of output>
Test time =   0.02 sec
----------------------------------------------------------
Test Passed.
"InterestRateTests.ZeroRate" end time: Jul 20 08:08 India Standard Time
"InterestRateTests.ZeroRate" time elapsed: 00:00:00
----------------------------------------------------------

9/21 Testing: InterestRateTests.PositiveRate
9/21 Test: InterestRateTests.PositiveRate
Command: "C:/Users/p.anvesh/source/repos/Debt-Pilot/build/tests/Debug/debtpilot_tests.exe" "--gtest_filter=InterestRateTests.PositiveRate" "--gtest_also_run_disabled_tests"
Directory: C:/Users/p.anvesh/source/repos/Debt-Pilot/build/tests
"InterestRateTests.PositiveRate" start time: Jul 20 08:08 India Standard Time
Output:
----------------------------------------------------------
Running main() from C:\Users\p.anvesh\source\repos\Debt-Pilot\build\_deps\googletest-src\googletest\src\gtest_main.cc
Note: Google Test filter = InterestRateTests.PositiveRate
[==========] Running 1 test from 1 test suite.
[----------] Global test environment set-up.
[----------] 1 test from InterestRateTests
[ RUN      ] InterestRateTests.PositiveRate
[       OK ] InterestRateTests.PositiveRate (0 ms)
[----------] 1 test from InterestRateTests (0 ms total)

[----------] Global test environment tear-down
[==========] 1 test from 1 test suite ran. (0 ms total)
[  PASSED  ] 1 test.
<end of output>
Test time =   0.02 sec
----------------------------------------------------------
Test Passed.
"InterestRateTests.PositiveRate" end time: Jul 20 08:08 India Standard Time
"InterestRateTests.PositiveRate" time elapsed: 00:00:00
----------------------------------------------------------

10/21 Testing: InterestRateTests.RejectsNegativeRate
10/21 Test: InterestRateTests.RejectsNegativeRate
Command: "C:/Users/p.anvesh/source/repos/Debt-Pilot/build/tests/Debug/debtpilot_tests.exe" "--gtest_filter=InterestRateTests.RejectsNegativeRate" "--gtest_also_run_disabled_tests"
Directory: C:/Users/p.anvesh/source/repos/Debt-Pilot/build/tests
"InterestRateTests.RejectsNegativeRate" start time: Jul 20 08:08 India Standard Time
Output:
----------------------------------------------------------
Running main() from C:\Users\p.anvesh\source\repos\Debt-Pilot\build\_deps\googletest-src\googletest\src\gtest_main.cc
Note: Google Test filter = InterestRateTests.RejectsNegativeRate
[==========] Running 1 test from 1 test suite.
[----------] Global test environment set-up.
[----------] 1 test from InterestRateTests
[ RUN      ] InterestRateTests.RejectsNegativeRate
[       OK ] InterestRateTests.RejectsNegativeRate (0 ms)
[----------] 1 test from InterestRateTests (0 ms total)

[----------] Global test environment tear-down
[==========] 1 test from 1 test suite ran. (0 ms total)
[  PASSED  ] 1 test.
<end of output>
Test time =   0.04 sec
----------------------------------------------------------
Test Passed.
"InterestRateTests.RejectsNegativeRate" end time: Jul 20 08:08 India Standard Time
"InterestRateTests.RejectsNegativeRate" time elapsed: 00:00:00
----------------------------------------------------------

11/21 Testing: InterestRateTests.StoresIntegerBoundary
11/21 Test: InterestRateTests.StoresIntegerBoundary
Command: "C:/Users/p.anvesh/source/repos/Debt-Pilot/build/tests/Debug/debtpilot_tests.exe" "--gtest_filter=InterestRateTests.StoresIntegerBoundary" "--gtest_also_run_disabled_tests"
Directory: C:/Users/p.anvesh/source/repos/Debt-Pilot/build/tests
"InterestRateTests.StoresIntegerBoundary" start time: Jul 20 08:08 India Standard Time
Output:
----------------------------------------------------------
Running main() from C:\Users\p.anvesh\source\repos\Debt-Pilot\build\_deps\googletest-src\googletest\src\gtest_main.cc
Note: Google Test filter = InterestRateTests.StoresIntegerBoundary
[==========] Running 1 test from 1 test suite.
[----------] Global test environment set-up.
[----------] 1 test from InterestRateTests
[ RUN      ] InterestRateTests.StoresIntegerBoundary
[       OK ] InterestRateTests.StoresIntegerBoundary (0 ms)
[----------] 1 test from InterestRateTests (0 ms total)

[----------] Global test environment tear-down
[==========] 1 test from 1 test suite ran. (0 ms total)
[  PASSED  ] 1 test.
<end of output>
Test time =   0.02 sec
----------------------------------------------------------
Test Passed.
"InterestRateTests.StoresIntegerBoundary" end time: Jul 20 08:08 India Standard Time
"InterestRateTests.StoresIntegerBoundary" time elapsed: 00:00:00
----------------------------------------------------------

12/21 Testing: InterestRateTests.SupportsComparison
12/21 Test: InterestRateTests.SupportsComparison
Command: "C:/Users/p.anvesh/source/repos/Debt-Pilot/build/tests/Debug/debtpilot_tests.exe" "--gtest_filter=InterestRateTests.SupportsComparison" "--gtest_also_run_disabled_tests"
Directory: C:/Users/p.anvesh/source/repos/Debt-Pilot/build/tests
"InterestRateTests.SupportsComparison" start time: Jul 20 08:08 India Standard Time
Output:
----------------------------------------------------------
Running main() from C:\Users\p.anvesh\source\repos\Debt-Pilot\build\_deps\googletest-src\googletest\src\gtest_main.cc
Note: Google Test filter = InterestRateTests.SupportsComparison
[==========] Running 1 test from 1 test suite.
[----------] Global test environment set-up.
[----------] 1 test from InterestRateTests
[ RUN      ] InterestRateTests.SupportsComparison
[       OK ] InterestRateTests.SupportsComparison (0 ms)
[----------] 1 test from InterestRateTests (0 ms total)

[----------] Global test environment tear-down
[==========] 1 test from 1 test suite ran. (0 ms total)
[  PASSED  ] 1 test.
<end of output>
Test time =   0.02 sec
----------------------------------------------------------
Test Passed.
"InterestRateTests.SupportsComparison" end time: Jul 20 08:08 India Standard Time
"InterestRateTests.SupportsComparison" time elapsed: 00:00:00
----------------------------------------------------------

13/21 Testing: DebtTests.ConstructsValidDebt
13/21 Test: DebtTests.ConstructsValidDebt
Command: "C:/Users/p.anvesh/source/repos/Debt-Pilot/build/tests/Debug/debtpilot_tests.exe" "--gtest_filter=DebtTests.ConstructsValidDebt" "--gtest_also_run_disabled_tests"
Directory: C:/Users/p.anvesh/source/repos/Debt-Pilot/build/tests
"DebtTests.ConstructsValidDebt" start time: Jul 20 08:08 India Standard Time
Output:
----------------------------------------------------------
Running main() from C:\Users\p.anvesh\source\repos\Debt-Pilot\build\_deps\googletest-src\googletest\src\gtest_main.cc
Note: Google Test filter = DebtTests.ConstructsValidDebt
[==========] Running 1 test from 1 test suite.
[----------] Global test environment set-up.
[----------] 1 test from DebtTests
[ RUN      ] DebtTests.ConstructsValidDebt
[       OK ] DebtTests.ConstructsValidDebt (0 ms)
[----------] 1 test from DebtTests (0 ms total)

[----------] Global test environment tear-down
[==========] 1 test from 1 test suite ran. (0 ms total)
[  PASSED  ] 1 test.
<end of output>
Test time =   0.02 sec
----------------------------------------------------------
Test Passed.
"DebtTests.ConstructsValidDebt" end time: Jul 20 08:08 India Standard Time
"DebtTests.ConstructsValidDebt" time elapsed: 00:00:00
----------------------------------------------------------

14/21 Testing: DebtTests.AllowsNoDueDay
14/21 Test: DebtTests.AllowsNoDueDay
Command: "C:/Users/p.anvesh/source/repos/Debt-Pilot/build/tests/Debug/debtpilot_tests.exe" "--gtest_filter=DebtTests.AllowsNoDueDay" "--gtest_also_run_disabled_tests"
Directory: C:/Users/p.anvesh/source/repos/Debt-Pilot/build/tests
"DebtTests.AllowsNoDueDay" start time: Jul 20 08:08 India Standard Time
Output:
----------------------------------------------------------
Running main() from C:\Users\p.anvesh\source\repos\Debt-Pilot\build\_deps\googletest-src\googletest\src\gtest_main.cc
Note: Google Test filter = DebtTests.AllowsNoDueDay
[==========] Running 1 test from 1 test suite.
[----------] Global test environment set-up.
[----------] 1 test from DebtTests
[ RUN      ] DebtTests.AllowsNoDueDay
[       OK ] DebtTests.AllowsNoDueDay (0 ms)
[----------] 1 test from DebtTests (0 ms total)

[----------] Global test environment tear-down
[==========] 1 test from 1 test suite ran. (0 ms total)
[  PASSED  ] 1 test.
<end of output>
Test time =   0.03 sec
----------------------------------------------------------
Test Passed.
"DebtTests.AllowsNoDueDay" end time: Jul 20 08:08 India Standard Time
"DebtTests.AllowsNoDueDay" time elapsed: 00:00:00
----------------------------------------------------------

15/21 Testing: DebtTests.AllowsZeroInterestAndMinimumPayment
15/21 Test: DebtTests.AllowsZeroInterestAndMinimumPayment
Command: "C:/Users/p.anvesh/source/repos/Debt-Pilot/build/tests/Debug/debtpilot_tests.exe" "--gtest_filter=DebtTests.AllowsZeroInterestAndMinimumPayment" "--gtest_also_run_disabled_tests"
Directory: C:/Users/p.anvesh/source/repos/Debt-Pilot/build/tests
"DebtTests.AllowsZeroInterestAndMinimumPayment" start time: Jul 20 08:08 India Standard Time
Output:
----------------------------------------------------------
Running main() from C:\Users\p.anvesh\source\repos\Debt-Pilot\build\_deps\googletest-src\googletest\src\gtest_main.cc
Note: Google Test filter = DebtTests.AllowsZeroInterestAndMinimumPayment
[==========] Running 1 test from 1 test suite.
[----------] Global test environment set-up.
[----------] 1 test from DebtTests
[ RUN      ] DebtTests.AllowsZeroInterestAndMinimumPayment
[       OK ] DebtTests.AllowsZeroInterestAndMinimumPayment (0 ms)
[----------] 1 test from DebtTests (0 ms total)

[----------] Global test environment tear-down
[==========] 1 test from 1 test suite ran. (0 ms total)
[  PASSED  ] 1 test.
<end of output>
Test time =   0.03 sec
----------------------------------------------------------
Test Passed.
"DebtTests.AllowsZeroInterestAndMinimumPayment" end time: Jul 20 08:08 India Standard Time
"DebtTests.AllowsZeroInterestAndMinimumPayment" time elapsed: 00:00:00
----------------------------------------------------------

16/21 Testing: DebtTests.RejectsEmptyId
16/21 Test: DebtTests.RejectsEmptyId
Command: "C:/Users/p.anvesh/source/repos/Debt-Pilot/build/tests/Debug/debtpilot_tests.exe" "--gtest_filter=DebtTests.RejectsEmptyId" "--gtest_also_run_disabled_tests"
Directory: C:/Users/p.anvesh/source/repos/Debt-Pilot/build/tests
"DebtTests.RejectsEmptyId" start time: Jul 20 08:08 India Standard Time
Output:
----------------------------------------------------------
Running main() from C:\Users\p.anvesh\source\repos\Debt-Pilot\build\_deps\googletest-src\googletest\src\gtest_main.cc
Note: Google Test filter = DebtTests.RejectsEmptyId
[==========] Running 1 test from 1 test suite.
[----------] Global test environment set-up.
[----------] 1 test from DebtTests
[ RUN      ] DebtTests.RejectsEmptyId
[       OK ] DebtTests.RejectsEmptyId (0 ms)
[----------] 1 test from DebtTests (0 ms total)

[----------] Global test environment tear-down
[==========] 1 test from 1 test suite ran. (0 ms total)
[  PASSED  ] 1 test.
<end of output>
Test time =   0.02 sec
----------------------------------------------------------
Test Passed.
"DebtTests.RejectsEmptyId" end time: Jul 20 08:08 India Standard Time
"DebtTests.RejectsEmptyId" time elapsed: 00:00:00
----------------------------------------------------------

17/21 Testing: DebtTests.RejectsEmptyName
17/21 Test: DebtTests.RejectsEmptyName
Command: "C:/Users/p.anvesh/source/repos/Debt-Pilot/build/tests/Debug/debtpilot_tests.exe" "--gtest_filter=DebtTests.RejectsEmptyName" "--gtest_also_run_disabled_tests"
Directory: C:/Users/p.anvesh/source/repos/Debt-Pilot/build/tests
"DebtTests.RejectsEmptyName" start time: Jul 20 08:08 India Standard Time
Output:
----------------------------------------------------------
Running main() from C:\Users\p.anvesh\source\repos\Debt-Pilot\build\_deps\googletest-src\googletest\src\gtest_main.cc
Note: Google Test filter = DebtTests.RejectsEmptyName
[==========] Running 1 test from 1 test suite.
[----------] Global test environment set-up.
[----------] 1 test from DebtTests
[ RUN      ] DebtTests.RejectsEmptyName
[       OK ] DebtTests.RejectsEmptyName (0 ms)
[----------] 1 test from DebtTests (0 ms total)

[----------] Global test environment tear-down
[==========] 1 test from 1 test suite ran. (0 ms total)
[  PASSED  ] 1 test.
<end of output>
Test time =   0.03 sec
----------------------------------------------------------
Test Passed.
"DebtTests.RejectsEmptyName" end time: Jul 20 08:08 India Standard Time
"DebtTests.RejectsEmptyName" time elapsed: 00:00:00
----------------------------------------------------------

18/21 Testing: DebtTests.RejectsNonPositiveOutstandingBalance
18/21 Test: DebtTests.RejectsNonPositiveOutstandingBalance
Command: "C:/Users/p.anvesh/source/repos/Debt-Pilot/build/tests/Debug/debtpilot_tests.exe" "--gtest_filter=DebtTests.RejectsNonPositiveOutstandingBalance" "--gtest_also_run_disabled_tests"
Directory: C:/Users/p.anvesh/source/repos/Debt-Pilot/build/tests
"DebtTests.RejectsNonPositiveOutstandingBalance" start time: Jul 20 08:08 India Standard Time
Output:
----------------------------------------------------------
Running main() from C:\Users\p.anvesh\source\repos\Debt-Pilot\build\_deps\googletest-src\googletest\src\gtest_main.cc
Note: Google Test filter = DebtTests.RejectsNonPositiveOutstandingBalance
[==========] Running 1 test from 1 test suite.
[----------] Global test environment set-up.
[----------] 1 test from DebtTests
[ RUN      ] DebtTests.RejectsNonPositiveOutstandingBalance
[       OK ] DebtTests.RejectsNonPositiveOutstandingBalance (0 ms)
[----------] 1 test from DebtTests (0 ms total)

[----------] Global test environment tear-down
[==========] 1 test from 1 test suite ran. (0 ms total)
[  PASSED  ] 1 test.
<end of output>
Test time =   0.03 sec
----------------------------------------------------------
Test Passed.
"DebtTests.RejectsNonPositiveOutstandingBalance" end time: Jul 20 08:08 India Standard Time
"DebtTests.RejectsNonPositiveOutstandingBalance" time elapsed: 00:00:00
----------------------------------------------------------

19/21 Testing: DebtTests.RejectsNegativeMinimumPayment
19/21 Test: DebtTests.RejectsNegativeMinimumPayment
Command: "C:/Users/p.anvesh/source/repos/Debt-Pilot/build/tests/Debug/debtpilot_tests.exe" "--gtest_filter=DebtTests.RejectsNegativeMinimumPayment" "--gtest_also_run_disabled_tests"
Directory: C:/Users/p.anvesh/source/repos/Debt-Pilot/build/tests
"DebtTests.RejectsNegativeMinimumPayment" start time: Jul 20 08:08 India Standard Time
Output:
----------------------------------------------------------
Running main() from C:\Users\p.anvesh\source\repos\Debt-Pilot\build\_deps\googletest-src\googletest\src\gtest_main.cc
Note: Google Test filter = DebtTests.RejectsNegativeMinimumPayment
[==========] Running 1 test from 1 test suite.
[----------] Global test environment set-up.
[----------] 1 test from DebtTests
[ RUN      ] DebtTests.RejectsNegativeMinimumPayment
[       OK ] DebtTests.RejectsNegativeMinimumPayment (0 ms)
[----------] 1 test from DebtTests (0 ms total)

[----------] Global test environment tear-down
[==========] 1 test from 1 test suite ran. (0 ms total)
[  PASSED  ] 1 test.
<end of output>
Test time =   0.03 sec
----------------------------------------------------------
Test Passed.
"DebtTests.RejectsNegativeMinimumPayment" end time: Jul 20 08:08 India Standard Time
"DebtTests.RejectsNegativeMinimumPayment" time elapsed: 00:00:00
----------------------------------------------------------

20/21 Testing: DebtTests.AcceptsDueDayBoundaries
20/21 Test: DebtTests.AcceptsDueDayBoundaries
Command: "C:/Users/p.anvesh/source/repos/Debt-Pilot/build/tests/Debug/debtpilot_tests.exe" "--gtest_filter=DebtTests.AcceptsDueDayBoundaries" "--gtest_also_run_disabled_tests"
Directory: C:/Users/p.anvesh/source/repos/Debt-Pilot/build/tests
"DebtTests.AcceptsDueDayBoundaries" start time: Jul 20 08:08 India Standard Time
Output:
----------------------------------------------------------
Running main() from C:\Users\p.anvesh\source\repos\Debt-Pilot\build\_deps\googletest-src\googletest\src\gtest_main.cc
Note: Google Test filter = DebtTests.AcceptsDueDayBoundaries
[==========] Running 1 test from 1 test suite.
[----------] Global test environment set-up.
[----------] 1 test from DebtTests
[ RUN      ] DebtTests.AcceptsDueDayBoundaries
[       OK ] DebtTests.AcceptsDueDayBoundaries (0 ms)
[----------] 1 test from DebtTests (0 ms total)

[----------] Global test environment tear-down
[==========] 1 test from 1 test suite ran. (2 ms total)
[  PASSED  ] 1 test.
<end of output>
Test time =   0.03 sec
----------------------------------------------------------
Test Passed.
"DebtTests.AcceptsDueDayBoundaries" end time: Jul 20 08:08 India Standard Time
"DebtTests.AcceptsDueDayBoundaries" time elapsed: 00:00:00
----------------------------------------------------------

21/21 Testing: DebtTests.RejectsDueDayOutsideCalendarRange
21/21 Test: DebtTests.RejectsDueDayOutsideCalendarRange
Command: "C:/Users/p.anvesh/source/repos/Debt-Pilot/build/tests/Debug/debtpilot_tests.exe" "--gtest_filter=DebtTests.RejectsDueDayOutsideCalendarRange" "--gtest_also_run_disabled_tests"
Directory: C:/Users/p.anvesh/source/repos/Debt-Pilot/build/tests
"DebtTests.RejectsDueDayOutsideCalendarRange" start time: Jul 20 08:08 India Standard Time
Output:
----------------------------------------------------------
Running main() from C:\Users\p.anvesh\source\repos\Debt-Pilot\build\_deps\googletest-src\googletest\src\gtest_main.cc
Note: Google Test filter = DebtTests.RejectsDueDayOutsideCalendarRange
[==========] Running 1 test from 1 test suite.
[----------] Global test environment set-up.
[----------] 1 test from DebtTests
[ RUN      ] DebtTests.RejectsDueDayOutsideCalendarRange
[       OK ] DebtTests.RejectsDueDayOutsideCalendarRange (0 ms)
[----------] 1 test from DebtTests (0 ms total)

[----------] Global test environment tear-down
[==========] 1 test from 1 test suite ran. (0 ms total)
[  PASSED  ] 1 test.
<end of output>
Test time =   0.03 sec
----------------------------------------------------------
Test Passed.
"DebtTests.RejectsDueDayOutsideCalendarRange" end time: Jul 20 08:08 India Standard Time
"DebtTests.RejectsDueDayOutsideCalendarRange" time elapsed: 00:00:00
----------------------------------------------------------

End testing: Jul 20 08:08 India Standard Time
