Start testing: Jul 21 15:04 India Standard Time
----------------------------------------------------------
1/34 Testing: MoneyTests.DefaultValueIsZero
1/34 Test: MoneyTests.DefaultValueIsZero
Command: "C:/Users/p.anvesh/source/repos/Debt-Pilot/build/tests/Debug/debtpilot_tests.exe" "--gtest_filter=MoneyTests.DefaultValueIsZero" "--gtest_also_run_disabled_tests"
Directory: C:/Users/p.anvesh/source/repos/Debt-Pilot/build/tests
"MoneyTests.DefaultValueIsZero" start time: Jul 21 15:04 India Standard Time
Output:
----------------------------------------------------------
Running main() from C:\Users\p.anvesh\source\repos\Debt-Pilot\build\_deps\googletest-src\googletest\src\gtest_main.cc
Note: Google Test filter = MoneyTests.DefaultValueIsZero
[==========] Running 1 test from 1 test suite.
[----------] Global test environment set-up.
[----------] 1 test from MoneyTests
[ RUN      ] MoneyTests.DefaultValueIsZero
[       OK ] MoneyTests.DefaultValueIsZero (0 ms)
[----------] 1 test from MoneyTests (0 ms total)

[----------] Global test environment tear-down
[==========] 1 test from 1 test suite ran. (0 ms total)
[  PASSED  ] 1 test.
<end of output>
Test time =   0.05 sec
----------------------------------------------------------
Test Passed.
"MoneyTests.DefaultValueIsZero" end time: Jul 21 15:04 India Standard Time
"MoneyTests.DefaultValueIsZero" time elapsed: 00:00:00
----------------------------------------------------------

2/34 Testing: MoneyTests.StoresPaise
2/34 Test: MoneyTests.StoresPaise
Command: "C:/Users/p.anvesh/source/repos/Debt-Pilot/build/tests/Debug/debtpilot_tests.exe" "--gtest_filter=MoneyTests.StoresPaise" "--gtest_also_run_disabled_tests"
Directory: C:/Users/p.anvesh/source/repos/Debt-Pilot/build/tests
"MoneyTests.StoresPaise" start time: Jul 21 15:04 India Standard Time
Output:
----------------------------------------------------------
Running main() from C:\Users\p.anvesh\source\repos\Debt-Pilot\build\_deps\googletest-src\googletest\src\gtest_main.cc
Note: Google Test filter = MoneyTests.StoresPaise
[==========] Running 1 test from 1 test suite.
[----------] Global test environment set-up.
[----------] 1 test from MoneyTests
[ RUN      ] MoneyTests.StoresPaise
[       OK ] MoneyTests.StoresPaise (0 ms)
[----------] 1 test from MoneyTests (0 ms total)

[----------] Global test environment tear-down
[==========] 1 test from 1 test suite ran. (0 ms total)
[  PASSED  ] 1 test.
<end of output>
Test time =   0.04 sec
----------------------------------------------------------
Test Passed.
"MoneyTests.StoresPaise" end time: Jul 21 15:04 India Standard Time
"MoneyTests.StoresPaise" time elapsed: 00:00:00
----------------------------------------------------------

3/34 Testing: MoneyTests.StoresSigned64BitBoundaries
3/34 Test: MoneyTests.StoresSigned64BitBoundaries
Command: "C:/Users/p.anvesh/source/repos/Debt-Pilot/build/tests/Debug/debtpilot_tests.exe" "--gtest_filter=MoneyTests.StoresSigned64BitBoundaries" "--gtest_also_run_disabled_tests"
Directory: C:/Users/p.anvesh/source/repos/Debt-Pilot/build/tests
"MoneyTests.StoresSigned64BitBoundaries" start time: Jul 21 15:04 India Standard Time
Output:
----------------------------------------------------------
Running main() from C:\Users\p.anvesh\source\repos\Debt-Pilot\build\_deps\googletest-src\googletest\src\gtest_main.cc
Note: Google Test filter = MoneyTests.StoresSigned64BitBoundaries
[==========] Running 1 test from 1 test suite.
[----------] Global test environment set-up.
[----------] 1 test from MoneyTests
[ RUN      ] MoneyTests.StoresSigned64BitBoundaries
[       OK ] MoneyTests.StoresSigned64BitBoundaries (0 ms)
[----------] 1 test from MoneyTests (0 ms total)

[----------] Global test environment tear-down
[==========] 1 test from 1 test suite ran. (0 ms total)
[  PASSED  ] 1 test.
<end of output>
Test time =   0.04 sec
----------------------------------------------------------
Test Passed.
"MoneyTests.StoresSigned64BitBoundaries" end time: Jul 21 15:04 India Standard Time
"MoneyTests.StoresSigned64BitBoundaries" time elapsed: 00:00:00
----------------------------------------------------------

4/34 Testing: MoneyTests.StoresNegativePaise
4/34 Test: MoneyTests.StoresNegativePaise
Command: "C:/Users/p.anvesh/source/repos/Debt-Pilot/build/tests/Debug/debtpilot_tests.exe" "--gtest_filter=MoneyTests.StoresNegativePaise" "--gtest_also_run_disabled_tests"
Directory: C:/Users/p.anvesh/source/repos/Debt-Pilot/build/tests
"MoneyTests.StoresNegativePaise" start time: Jul 21 15:04 India Standard Time
Output:
----------------------------------------------------------
Running main() from C:\Users\p.anvesh\source\repos\Debt-Pilot\build\_deps\googletest-src\googletest\src\gtest_main.cc
Note: Google Test filter = MoneyTests.StoresNegativePaise
[==========] Running 1 test from 1 test suite.
[----------] Global test environment set-up.
[----------] 1 test from MoneyTests
[ RUN      ] MoneyTests.StoresNegativePaise
[       OK ] MoneyTests.StoresNegativePaise (0 ms)
[----------] 1 test from MoneyTests (0 ms total)

[----------] Global test environment tear-down
[==========] 1 test from 1 test suite ran. (0 ms total)
[  PASSED  ] 1 test.
<end of output>
Test time =   0.04 sec
----------------------------------------------------------
Test Passed.
"MoneyTests.StoresNegativePaise" end time: Jul 21 15:04 India Standard Time
"MoneyTests.StoresNegativePaise" time elapsed: 00:00:00
----------------------------------------------------------

5/34 Testing: MoneyTests.AddsAmounts
5/34 Test: MoneyTests.AddsAmounts
Command: "C:/Users/p.anvesh/source/repos/Debt-Pilot/build/tests/Debug/debtpilot_tests.exe" "--gtest_filter=MoneyTests.AddsAmounts" "--gtest_also_run_disabled_tests"
Directory: C:/Users/p.anvesh/source/repos/Debt-Pilot/build/tests
"MoneyTests.AddsAmounts" start time: Jul 21 15:04 India Standard Time
Output:
----------------------------------------------------------
Running main() from C:\Users\p.anvesh\source\repos\Debt-Pilot\build\_deps\googletest-src\googletest\src\gtest_main.cc
Note: Google Test filter = MoneyTests.AddsAmounts
[==========] Running 1 test from 1 test suite.
[----------] Global test environment set-up.
[----------] 1 test from MoneyTests
[ RUN      ] MoneyTests.AddsAmounts
[       OK ] MoneyTests.AddsAmounts (0 ms)
[----------] 1 test from MoneyTests (0 ms total)

[----------] Global test environment tear-down
[==========] 1 test from 1 test suite ran. (0 ms total)
[  PASSED  ] 1 test.
<end of output>
Test time =   0.03 sec
----------------------------------------------------------
Test Passed.
"MoneyTests.AddsAmounts" end time: Jul 21 15:04 India Standard Time
"MoneyTests.AddsAmounts" time elapsed: 00:00:00
----------------------------------------------------------

6/34 Testing: MoneyTests.SubtractsAmounts
6/34 Test: MoneyTests.SubtractsAmounts
Command: "C:/Users/p.anvesh/source/repos/Debt-Pilot/build/tests/Debug/debtpilot_tests.exe" "--gtest_filter=MoneyTests.SubtractsAmounts" "--gtest_also_run_disabled_tests"
Directory: C:/Users/p.anvesh/source/repos/Debt-Pilot/build/tests
"MoneyTests.SubtractsAmounts" start time: Jul 21 15:04 India Standard Time
Output:
----------------------------------------------------------
Running main() from C:\Users\p.anvesh\source\repos\Debt-Pilot\build\_deps\googletest-src\googletest\src\gtest_main.cc
Note: Google Test filter = MoneyTests.SubtractsAmounts
[==========] Running 1 test from 1 test suite.
[----------] Global test environment set-up.
[----------] 1 test from MoneyTests
[ RUN      ] MoneyTests.SubtractsAmounts
[       OK ] MoneyTests.SubtractsAmounts (0 ms)
[----------] 1 test from MoneyTests (0 ms total)

[----------] Global test environment tear-down
[==========] 1 test from 1 test suite ran. (1 ms total)
[  PASSED  ] 1 test.
<end of output>
Test time =   0.04 sec
----------------------------------------------------------
Test Passed.
"MoneyTests.SubtractsAmounts" end time: Jul 21 15:04 India Standard Time
"MoneyTests.SubtractsAmounts" time elapsed: 00:00:00
----------------------------------------------------------

7/34 Testing: MoneyTests.SupportsComparison
7/34 Test: MoneyTests.SupportsComparison
Command: "C:/Users/p.anvesh/source/repos/Debt-Pilot/build/tests/Debug/debtpilot_tests.exe" "--gtest_filter=MoneyTests.SupportsComparison" "--gtest_also_run_disabled_tests"
Directory: C:/Users/p.anvesh/source/repos/Debt-Pilot/build/tests
"MoneyTests.SupportsComparison" start time: Jul 21 15:04 India Standard Time
Output:
----------------------------------------------------------
Running main() from C:\Users\p.anvesh\source\repos\Debt-Pilot\build\_deps\googletest-src\googletest\src\gtest_main.cc
Note: Google Test filter = MoneyTests.SupportsComparison
[==========] Running 1 test from 1 test suite.
[----------] Global test environment set-up.
[----------] 1 test from MoneyTests
[ RUN      ] MoneyTests.SupportsComparison
[       OK ] MoneyTests.SupportsComparison (0 ms)
[----------] 1 test from MoneyTests (0 ms total)

[----------] Global test environment tear-down
[==========] 1 test from 1 test suite ran. (0 ms total)
[  PASSED  ] 1 test.
<end of output>
Test time =   0.04 sec
----------------------------------------------------------
Test Passed.
"MoneyTests.SupportsComparison" end time: Jul 21 15:04 India Standard Time
"MoneyTests.SupportsComparison" time elapsed: 00:00:00
----------------------------------------------------------

8/34 Testing: InterestRateTests.ZeroRate
8/34 Test: InterestRateTests.ZeroRate
Command: "C:/Users/p.anvesh/source/repos/Debt-Pilot/build/tests/Debug/debtpilot_tests.exe" "--gtest_filter=InterestRateTests.ZeroRate" "--gtest_also_run_disabled_tests"
Directory: C:/Users/p.anvesh/source/repos/Debt-Pilot/build/tests
"InterestRateTests.ZeroRate" start time: Jul 21 15:04 India Standard Time
Output:
----------------------------------------------------------
Running main() from C:\Users\p.anvesh\source\repos\Debt-Pilot\build\_deps\googletest-src\googletest\src\gtest_main.cc
Note: Google Test filter = InterestRateTests.ZeroRate
[==========] Running 1 test from 1 test suite.
[----------] Global test environment set-up.
[----------] 1 test from InterestRateTests
[ RUN      ] InterestRateTests.ZeroRate
[       OK ] InterestRateTests.ZeroRate (0 ms)
[----------] 1 test from InterestRateTests (0 ms total)

[----------] Global test environment tear-down
[==========] 1 test from 1 test suite ran. (0 ms total)
[  PASSED  ] 1 test.
<end of output>
Test time =   0.03 sec
----------------------------------------------------------
Test Passed.
"InterestRateTests.ZeroRate" end time: Jul 21 15:04 India Standard Time
"InterestRateTests.ZeroRate" time elapsed: 00:00:00
----------------------------------------------------------

9/34 Testing: InterestRateTests.PositiveRate
9/34 Test: InterestRateTests.PositiveRate
Command: "C:/Users/p.anvesh/source/repos/Debt-Pilot/build/tests/Debug/debtpilot_tests.exe" "--gtest_filter=InterestRateTests.PositiveRate" "--gtest_also_run_disabled_tests"
Directory: C:/Users/p.anvesh/source/repos/Debt-Pilot/build/tests
"InterestRateTests.PositiveRate" start time: Jul 21 15:04 India Standard Time
Output:
----------------------------------------------------------
Running main() from C:\Users\p.anvesh\source\repos\Debt-Pilot\build\_deps\googletest-src\googletest\src\gtest_main.cc
Note: Google Test filter = InterestRateTests.PositiveRate
[==========] Running 1 test from 1 test suite.
[----------] Global test environment set-up.
[----------] 1 test from InterestRateTests
[ RUN      ] InterestRateTests.PositiveRate
[       OK ] InterestRateTests.PositiveRate (0 ms)
[----------] 1 test from InterestRateTests (0 ms total)

[----------] Global test environment tear-down
[==========] 1 test from 1 test suite ran. (0 ms total)
[  PASSED  ] 1 test.
<end of output>
Test time =   0.03 sec
----------------------------------------------------------
Test Passed.
"InterestRateTests.PositiveRate" end time: Jul 21 15:04 India Standard Time
"InterestRateTests.PositiveRate" time elapsed: 00:00:00
----------------------------------------------------------

10/34 Testing: InterestRateTests.RejectsNegativeRate
10/34 Test: InterestRateTests.RejectsNegativeRate
Command: "C:/Users/p.anvesh/source/repos/Debt-Pilot/build/tests/Debug/debtpilot_tests.exe" "--gtest_filter=InterestRateTests.RejectsNegativeRate" "--gtest_also_run_disabled_tests"
Directory: C:/Users/p.anvesh/source/repos/Debt-Pilot/build/tests
"InterestRateTests.RejectsNegativeRate" start time: Jul 21 15:04 India Standard Time
Output:
----------------------------------------------------------
Running main() from C:\Users\p.anvesh\source\repos\Debt-Pilot\build\_deps\googletest-src\googletest\src\gtest_main.cc
Note: Google Test filter = InterestRateTests.RejectsNegativeRate
[==========] Running 1 test from 1 test suite.
[----------] Global test environment set-up.
[----------] 1 test from InterestRateTests
[ RUN      ] InterestRateTests.RejectsNegativeRate
[       OK ] InterestRateTests.RejectsNegativeRate (0 ms)
[----------] 1 test from InterestRateTests (0 ms total)

[----------] Global test environment tear-down
[==========] 1 test from 1 test suite ran. (1 ms total)
[  PASSED  ] 1 test.
<end of output>
Test time =   0.03 sec
----------------------------------------------------------
Test Passed.
"InterestRateTests.RejectsNegativeRate" end time: Jul 21 15:04 India Standard Time
"InterestRateTests.RejectsNegativeRate" time elapsed: 00:00:00
----------------------------------------------------------

11/34 Testing: InterestRateTests.StoresIntegerBoundary
11/34 Test: InterestRateTests.StoresIntegerBoundary
Command: "C:/Users/p.anvesh/source/repos/Debt-Pilot/build/tests/Debug/debtpilot_tests.exe" "--gtest_filter=InterestRateTests.StoresIntegerBoundary" "--gtest_also_run_disabled_tests"
Directory: C:/Users/p.anvesh/source/repos/Debt-Pilot/build/tests
"InterestRateTests.StoresIntegerBoundary" start time: Jul 21 15:04 India Standard Time
Output:
----------------------------------------------------------
Running main() from C:\Users\p.anvesh\source\repos\Debt-Pilot\build\_deps\googletest-src\googletest\src\gtest_main.cc
Note: Google Test filter = InterestRateTests.StoresIntegerBoundary
[==========] Running 1 test from 1 test suite.
[----------] Global test environment set-up.
[----------] 1 test from InterestRateTests
[ RUN      ] InterestRateTests.StoresIntegerBoundary
[       OK ] InterestRateTests.StoresIntegerBoundary (0 ms)
[----------] 1 test from InterestRateTests (0 ms total)

[----------] Global test environment tear-down
[==========] 1 test from 1 test suite ran. (1 ms total)
[  PASSED  ] 1 test.
<end of output>
Test time =   0.03 sec
----------------------------------------------------------
Test Passed.
"InterestRateTests.StoresIntegerBoundary" end time: Jul 21 15:04 India Standard Time
"InterestRateTests.StoresIntegerBoundary" time elapsed: 00:00:00
----------------------------------------------------------

12/34 Testing: InterestRateTests.SupportsComparison
12/34 Test: InterestRateTests.SupportsComparison
Command: "C:/Users/p.anvesh/source/repos/Debt-Pilot/build/tests/Debug/debtpilot_tests.exe" "--gtest_filter=InterestRateTests.SupportsComparison" "--gtest_also_run_disabled_tests"
Directory: C:/Users/p.anvesh/source/repos/Debt-Pilot/build/tests
"InterestRateTests.SupportsComparison" start time: Jul 21 15:04 India Standard Time
Output:
----------------------------------------------------------
Running main() from C:\Users\p.anvesh\source\repos\Debt-Pilot\build\_deps\googletest-src\googletest\src\gtest_main.cc
Note: Google Test filter = InterestRateTests.SupportsComparison
[==========] Running 1 test from 1 test suite.
[----------] Global test environment set-up.
[----------] 1 test from InterestRateTests
[ RUN      ] InterestRateTests.SupportsComparison
[       OK ] InterestRateTests.SupportsComparison (0 ms)
[----------] 1 test from InterestRateTests (0 ms total)

[----------] Global test environment tear-down
[==========] 1 test from 1 test suite ran. (0 ms total)
[  PASSED  ] 1 test.
<end of output>
Test time =   0.03 sec
----------------------------------------------------------
Test Passed.
"InterestRateTests.SupportsComparison" end time: Jul 21 15:04 India Standard Time
"InterestRateTests.SupportsComparison" time elapsed: 00:00:00
----------------------------------------------------------

13/34 Testing: DebtTests.ConstructsValidDebt
13/34 Test: DebtTests.ConstructsValidDebt
Command: "C:/Users/p.anvesh/source/repos/Debt-Pilot/build/tests/Debug/debtpilot_tests.exe" "--gtest_filter=DebtTests.ConstructsValidDebt" "--gtest_also_run_disabled_tests"
Directory: C:/Users/p.anvesh/source/repos/Debt-Pilot/build/tests
"DebtTests.ConstructsValidDebt" start time: Jul 21 15:04 India Standard Time
Output:
----------------------------------------------------------
Running main() from C:\Users\p.anvesh\source\repos\Debt-Pilot\build\_deps\googletest-src\googletest\src\gtest_main.cc
Note: Google Test filter = DebtTests.ConstructsValidDebt
[==========] Running 1 test from 1 test suite.
[----------] Global test environment set-up.
[----------] 1 test from DebtTests
[ RUN      ] DebtTests.ConstructsValidDebt
[       OK ] DebtTests.ConstructsValidDebt (0 ms)
[----------] 1 test from DebtTests (0 ms total)

[----------] Global test environment tear-down
[==========] 1 test from 1 test suite ran. (0 ms total)
[  PASSED  ] 1 test.
<end of output>
Test time =   0.03 sec
----------------------------------------------------------
Test Passed.
"DebtTests.ConstructsValidDebt" end time: Jul 21 15:04 India Standard Time
"DebtTests.ConstructsValidDebt" time elapsed: 00:00:00
----------------------------------------------------------

14/34 Testing: DebtTests.AllowsNoDueDay
14/34 Test: DebtTests.AllowsNoDueDay
Command: "C:/Users/p.anvesh/source/repos/Debt-Pilot/build/tests/Debug/debtpilot_tests.exe" "--gtest_filter=DebtTests.AllowsNoDueDay" "--gtest_also_run_disabled_tests"
Directory: C:/Users/p.anvesh/source/repos/Debt-Pilot/build/tests
"DebtTests.AllowsNoDueDay" start time: Jul 21 15:04 India Standard Time
Output:
----------------------------------------------------------
Running main() from C:\Users\p.anvesh\source\repos\Debt-Pilot\build\_deps\googletest-src\googletest\src\gtest_main.cc
Note: Google Test filter = DebtTests.AllowsNoDueDay
[==========] Running 1 test from 1 test suite.
[----------] Global test environment set-up.
[----------] 1 test from DebtTests
[ RUN      ] DebtTests.AllowsNoDueDay
[       OK ] DebtTests.AllowsNoDueDay (0 ms)
[----------] 1 test from DebtTests (0 ms total)

[----------] Global test environment tear-down
[==========] 1 test from 1 test suite ran. (0 ms total)
[  PASSED  ] 1 test.
<end of output>
Test time =   0.03 sec
----------------------------------------------------------
Test Passed.
"DebtTests.AllowsNoDueDay" end time: Jul 21 15:04 India Standard Time
"DebtTests.AllowsNoDueDay" time elapsed: 00:00:00
----------------------------------------------------------

15/34 Testing: DebtTests.AllowsZeroInterestAndMinimumPayment
15/34 Test: DebtTests.AllowsZeroInterestAndMinimumPayment
Command: "C:/Users/p.anvesh/source/repos/Debt-Pilot/build/tests/Debug/debtpilot_tests.exe" "--gtest_filter=DebtTests.AllowsZeroInterestAndMinimumPayment" "--gtest_also_run_disabled_tests"
Directory: C:/Users/p.anvesh/source/repos/Debt-Pilot/build/tests
"DebtTests.AllowsZeroInterestAndMinimumPayment" start time: Jul 21 15:04 India Standard Time
Output:
----------------------------------------------------------
Running main() from C:\Users\p.anvesh\source\repos\Debt-Pilot\build\_deps\googletest-src\googletest\src\gtest_main.cc
Note: Google Test filter = DebtTests.AllowsZeroInterestAndMinimumPayment
[==========] Running 1 test from 1 test suite.
[----------] Global test environment set-up.
[----------] 1 test from DebtTests
[ RUN      ] DebtTests.AllowsZeroInterestAndMinimumPayment
[       OK ] DebtTests.AllowsZeroInterestAndMinimumPayment (0 ms)
[----------] 1 test from DebtTests (0 ms total)

[----------] Global test environment tear-down
[==========] 1 test from 1 test suite ran. (0 ms total)
[  PASSED  ] 1 test.
<end of output>
Test time =   0.03 sec
----------------------------------------------------------
Test Passed.
"DebtTests.AllowsZeroInterestAndMinimumPayment" end time: Jul 21 15:04 India Standard Time
"DebtTests.AllowsZeroInterestAndMinimumPayment" time elapsed: 00:00:00
----------------------------------------------------------

16/34 Testing: DebtTests.RejectsEmptyId
16/34 Test: DebtTests.RejectsEmptyId
Command: "C:/Users/p.anvesh/source/repos/Debt-Pilot/build/tests/Debug/debtpilot_tests.exe" "--gtest_filter=DebtTests.RejectsEmptyId" "--gtest_also_run_disabled_tests"
Directory: C:/Users/p.anvesh/source/repos/Debt-Pilot/build/tests
"DebtTests.RejectsEmptyId" start time: Jul 21 15:04 India Standard Time
Output:
----------------------------------------------------------
Running main() from C:\Users\p.anvesh\source\repos\Debt-Pilot\build\_deps\googletest-src\googletest\src\gtest_main.cc
Note: Google Test filter = DebtTests.RejectsEmptyId
[==========] Running 1 test from 1 test suite.
[----------] Global test environment set-up.
[----------] 1 test from DebtTests
[ RUN      ] DebtTests.RejectsEmptyId
[       OK ] DebtTests.RejectsEmptyId (0 ms)
[----------] 1 test from DebtTests (0 ms total)

[----------] Global test environment tear-down
[==========] 1 test from 1 test suite ran. (0 ms total)
[  PASSED  ] 1 test.
<end of output>
Test time =   0.03 sec
----------------------------------------------------------
Test Passed.
"DebtTests.RejectsEmptyId" end time: Jul 21 15:04 India Standard Time
"DebtTests.RejectsEmptyId" time elapsed: 00:00:00
----------------------------------------------------------

17/34 Testing: DebtTests.RejectsEmptyName
17/34 Test: DebtTests.RejectsEmptyName
Command: "C:/Users/p.anvesh/source/repos/Debt-Pilot/build/tests/Debug/debtpilot_tests.exe" "--gtest_filter=DebtTests.RejectsEmptyName" "--gtest_also_run_disabled_tests"
Directory: C:/Users/p.anvesh/source/repos/Debt-Pilot/build/tests
"DebtTests.RejectsEmptyName" start time: Jul 21 15:04 India Standard Time
Output:
----------------------------------------------------------
Running main() from C:\Users\p.anvesh\source\repos\Debt-Pilot\build\_deps\googletest-src\googletest\src\gtest_main.cc
Note: Google Test filter = DebtTests.RejectsEmptyName
[==========] Running 1 test from 1 test suite.
[----------] Global test environment set-up.
[----------] 1 test from DebtTests
[ RUN      ] DebtTests.RejectsEmptyName
[       OK ] DebtTests.RejectsEmptyName (0 ms)
[----------] 1 test from DebtTests (0 ms total)

[----------] Global test environment tear-down
[==========] 1 test from 1 test suite ran. (0 ms total)
[  PASSED  ] 1 test.
<end of output>
Test time =   0.03 sec
----------------------------------------------------------
Test Passed.
"DebtTests.RejectsEmptyName" end time: Jul 21 15:04 India Standard Time
"DebtTests.RejectsEmptyName" time elapsed: 00:00:00
----------------------------------------------------------

18/34 Testing: DebtTests.RejectsNonPositiveOutstandingBalance
18/34 Test: DebtTests.RejectsNonPositiveOutstandingBalance
Command: "C:/Users/p.anvesh/source/repos/Debt-Pilot/build/tests/Debug/debtpilot_tests.exe" "--gtest_filter=DebtTests.RejectsNonPositiveOutstandingBalance" "--gtest_also_run_disabled_tests"
Directory: C:/Users/p.anvesh/source/repos/Debt-Pilot/build/tests
"DebtTests.RejectsNonPositiveOutstandingBalance" start time: Jul 21 15:04 India Standard Time
Output:
----------------------------------------------------------
Running main() from C:\Users\p.anvesh\source\repos\Debt-Pilot\build\_deps\googletest-src\googletest\src\gtest_main.cc
Note: Google Test filter = DebtTests.RejectsNonPositiveOutstandingBalance
[==========] Running 1 test from 1 test suite.
[----------] Global test environment set-up.
[----------] 1 test from DebtTests
[ RUN      ] DebtTests.RejectsNonPositiveOutstandingBalance
[       OK ] DebtTests.RejectsNonPositiveOutstandingBalance (0 ms)
[----------] 1 test from DebtTests (0 ms total)

[----------] Global test environment tear-down
[==========] 1 test from 1 test suite ran. (0 ms total)
[  PASSED  ] 1 test.
<end of output>
Test time =   0.03 sec
----------------------------------------------------------
Test Passed.
"DebtTests.RejectsNonPositiveOutstandingBalance" end time: Jul 21 15:04 India Standard Time
"DebtTests.RejectsNonPositiveOutstandingBalance" time elapsed: 00:00:00
----------------------------------------------------------

19/34 Testing: DebtTests.RejectsNegativeMinimumPayment
19/34 Test: DebtTests.RejectsNegativeMinimumPayment
Command: "C:/Users/p.anvesh/source/repos/Debt-Pilot/build/tests/Debug/debtpilot_tests.exe" "--gtest_filter=DebtTests.RejectsNegativeMinimumPayment" "--gtest_also_run_disabled_tests"
Directory: C:/Users/p.anvesh/source/repos/Debt-Pilot/build/tests
"DebtTests.RejectsNegativeMinimumPayment" start time: Jul 21 15:04 India Standard Time
Output:
----------------------------------------------------------
Running main() from C:\Users\p.anvesh\source\repos\Debt-Pilot\build\_deps\googletest-src\googletest\src\gtest_main.cc
Note: Google Test filter = DebtTests.RejectsNegativeMinimumPayment
[==========] Running 1 test from 1 test suite.
[----------] Global test environment set-up.
[----------] 1 test from DebtTests
[ RUN      ] DebtTests.RejectsNegativeMinimumPayment
[       OK ] DebtTests.RejectsNegativeMinimumPayment (0 ms)
[----------] 1 test from DebtTests (0 ms total)

[----------] Global test environment tear-down
[==========] 1 test from 1 test suite ran. (1 ms total)
[  PASSED  ] 1 test.
<end of output>
Test time =   0.04 sec
----------------------------------------------------------
Test Passed.
"DebtTests.RejectsNegativeMinimumPayment" end time: Jul 21 15:04 India Standard Time
"DebtTests.RejectsNegativeMinimumPayment" time elapsed: 00:00:00
----------------------------------------------------------

20/34 Testing: DebtTests.AcceptsDueDayBoundaries
20/34 Test: DebtTests.AcceptsDueDayBoundaries
Command: "C:/Users/p.anvesh/source/repos/Debt-Pilot/build/tests/Debug/debtpilot_tests.exe" "--gtest_filter=DebtTests.AcceptsDueDayBoundaries" "--gtest_also_run_disabled_tests"
Directory: C:/Users/p.anvesh/source/repos/Debt-Pilot/build/tests
"DebtTests.AcceptsDueDayBoundaries" start time: Jul 21 15:04 India Standard Time
Output:
----------------------------------------------------------
Running main() from C:\Users\p.anvesh\source\repos\Debt-Pilot\build\_deps\googletest-src\googletest\src\gtest_main.cc
Note: Google Test filter = DebtTests.AcceptsDueDayBoundaries
[==========] Running 1 test from 1 test suite.
[----------] Global test environment set-up.
[----------] 1 test from DebtTests
[ RUN      ] DebtTests.AcceptsDueDayBoundaries
[       OK ] DebtTests.AcceptsDueDayBoundaries (0 ms)
[----------] 1 test from DebtTests (0 ms total)

[----------] Global test environment tear-down
[==========] 1 test from 1 test suite ran. (0 ms total)
[  PASSED  ] 1 test.
<end of output>
Test time =   0.03 sec
----------------------------------------------------------
Test Passed.
"DebtTests.AcceptsDueDayBoundaries" end time: Jul 21 15:04 India Standard Time
"DebtTests.AcceptsDueDayBoundaries" time elapsed: 00:00:00
----------------------------------------------------------

21/34 Testing: DebtTests.RejectsDueDayOutsideCalendarRange
21/34 Test: DebtTests.RejectsDueDayOutsideCalendarRange
Command: "C:/Users/p.anvesh/source/repos/Debt-Pilot/build/tests/Debug/debtpilot_tests.exe" "--gtest_filter=DebtTests.RejectsDueDayOutsideCalendarRange" "--gtest_also_run_disabled_tests"
Directory: C:/Users/p.anvesh/source/repos/Debt-Pilot/build/tests
"DebtTests.RejectsDueDayOutsideCalendarRange" start time: Jul 21 15:04 India Standard Time
Output:
----------------------------------------------------------
Running main() from C:\Users\p.anvesh\source\repos\Debt-Pilot\build\_deps\googletest-src\googletest\src\gtest_main.cc
Note: Google Test filter = DebtTests.RejectsDueDayOutsideCalendarRange
[==========] Running 1 test from 1 test suite.
[----------] Global test environment set-up.
[----------] 1 test from DebtTests
[ RUN      ] DebtTests.RejectsDueDayOutsideCalendarRange
[       OK ] DebtTests.RejectsDueDayOutsideCalendarRange (0 ms)
[----------] 1 test from DebtTests (0 ms total)

[----------] Global test environment tear-down
[==========] 1 test from 1 test suite ran. (0 ms total)
[  PASSED  ] 1 test.
<end of output>
Test time =   0.03 sec
----------------------------------------------------------
Test Passed.
"DebtTests.RejectsDueDayOutsideCalendarRange" end time: Jul 21 15:04 India Standard Time
"DebtTests.RejectsDueDayOutsideCalendarRange" time elapsed: 00:00:00
----------------------------------------------------------

22/34 Testing: MonthlyInterestCalculator.ZeroBalanceProducesZeroInterest
22/34 Test: MonthlyInterestCalculator.ZeroBalanceProducesZeroInterest
Command: "C:/Users/p.anvesh/source/repos/Debt-Pilot/build/tests/Debug/debtpilot_tests.exe" "--gtest_filter=MonthlyInterestCalculator.ZeroBalanceProducesZeroInterest" "--gtest_also_run_disabled_tests"
Directory: C:/Users/p.anvesh/source/repos/Debt-Pilot/build/tests
"MonthlyInterestCalculator.ZeroBalanceProducesZeroInterest" start time: Jul 21 15:04 India Standard Time
Output:
----------------------------------------------------------
Running main() from C:\Users\p.anvesh\source\repos\Debt-Pilot\build\_deps\googletest-src\googletest\src\gtest_main.cc
Note: Google Test filter = MonthlyInterestCalculator.ZeroBalanceProducesZeroInterest
[==========] Running 1 test from 1 test suite.
[----------] Global test environment set-up.
[----------] 1 test from MonthlyInterestCalculator
[ RUN      ] MonthlyInterestCalculator.ZeroBalanceProducesZeroInterest
[       OK ] MonthlyInterestCalculator.ZeroBalanceProducesZeroInterest (0 ms)
[----------] 1 test from MonthlyInterestCalculator (0 ms total)

[----------] Global test environment tear-down
[==========] 1 test from 1 test suite ran. (0 ms total)
[  PASSED  ] 1 test.
<end of output>
Test time =   0.03 sec
----------------------------------------------------------
Test Passed.
"MonthlyInterestCalculator.ZeroBalanceProducesZeroInterest" end time: Jul 21 15:04 India Standard Time
"MonthlyInterestCalculator.ZeroBalanceProducesZeroInterest" time elapsed: 00:00:00
----------------------------------------------------------

23/34 Testing: MonthlyInterestCalculator.CalculatesEighteenPercentAnnualInterest
23/34 Test: MonthlyInterestCalculator.CalculatesEighteenPercentAnnualInterest
Command: "C:/Users/p.anvesh/source/repos/Debt-Pilot/build/tests/Debug/debtpilot_tests.exe" "--gtest_filter=MonthlyInterestCalculator.CalculatesEighteenPercentAnnualInterest" "--gtest_also_run_disabled_tests"
Directory: C:/Users/p.anvesh/source/repos/Debt-Pilot/build/tests
"MonthlyInterestCalculator.CalculatesEighteenPercentAnnualInterest" start time: Jul 21 15:04 India Standard Time
Output:
----------------------------------------------------------
Running main() from C:\Users\p.anvesh\source\repos\Debt-Pilot\build\_deps\googletest-src\googletest\src\gtest_main.cc
Note: Google Test filter = MonthlyInterestCalculator.CalculatesEighteenPercentAnnualInterest
[==========] Running 1 test from 1 test suite.
[----------] Global test environment set-up.
[----------] 1 test from MonthlyInterestCalculator
[ RUN      ] MonthlyInterestCalculator.CalculatesEighteenPercentAnnualInterest
[       OK ] MonthlyInterestCalculator.CalculatesEighteenPercentAnnualInterest (0 ms)
[----------] 1 test from MonthlyInterestCalculator (0 ms total)

[----------] Global test environment tear-down
[==========] 1 test from 1 test suite ran. (0 ms total)
[  PASSED  ] 1 test.
<end of output>
Test time =   0.03 sec
----------------------------------------------------------
Test Passed.
"MonthlyInterestCalculator.CalculatesEighteenPercentAnnualInterest" end time: Jul 21 15:04 India Standard Time
"MonthlyInterestCalculator.CalculatesEighteenPercentAnnualInterest" time elapsed: 00:00:00
----------------------------------------------------------

24/34 Testing: MonthlyInterestCalculator.RoundsHalfPaiseUp
24/34 Test: MonthlyInterestCalculator.RoundsHalfPaiseUp
Command: "C:/Users/p.anvesh/source/repos/Debt-Pilot/build/tests/Debug/debtpilot_tests.exe" "--gtest_filter=MonthlyInterestCalculator.RoundsHalfPaiseUp" "--gtest_also_run_disabled_tests"
Directory: C:/Users/p.anvesh/source/repos/Debt-Pilot/build/tests
"MonthlyInterestCalculator.RoundsHalfPaiseUp" start time: Jul 21 15:04 India Standard Time
Output:
----------------------------------------------------------
Running main() from C:\Users\p.anvesh\source\repos\Debt-Pilot\build\_deps\googletest-src\googletest\src\gtest_main.cc
Note: Google Test filter = MonthlyInterestCalculator.RoundsHalfPaiseUp
[==========] Running 1 test from 1 test suite.
[----------] Global test environment set-up.
[----------] 1 test from MonthlyInterestCalculator
[ RUN      ] MonthlyInterestCalculator.RoundsHalfPaiseUp
[       OK ] MonthlyInterestCalculator.RoundsHalfPaiseUp (0 ms)
[----------] 1 test from MonthlyInterestCalculator (0 ms total)

[----------] Global test environment tear-down
[==========] 1 test from 1 test suite ran. (0 ms total)
[  PASSED  ] 1 test.
<end of output>
Test time =   0.03 sec
----------------------------------------------------------
Test Passed.
"MonthlyInterestCalculator.RoundsHalfPaiseUp" end time: Jul 21 15:04 India Standard Time
"MonthlyInterestCalculator.RoundsHalfPaiseUp" time elapsed: 00:00:00
----------------------------------------------------------

25/34 Testing: MonthlyInterestCalculator.RejectsNegativeBalance
25/34 Test: MonthlyInterestCalculator.RejectsNegativeBalance
Command: "C:/Users/p.anvesh/source/repos/Debt-Pilot/build/tests/Debug/debtpilot_tests.exe" "--gtest_filter=MonthlyInterestCalculator.RejectsNegativeBalance" "--gtest_also_run_disabled_tests"
Directory: C:/Users/p.anvesh/source/repos/Debt-Pilot/build/tests
"MonthlyInterestCalculator.RejectsNegativeBalance" start time: Jul 21 15:04 India Standard Time
Output:
----------------------------------------------------------
Running main() from C:\Users\p.anvesh\source\repos\Debt-Pilot\build\_deps\googletest-src\googletest\src\gtest_main.cc
Note: Google Test filter = MonthlyInterestCalculator.RejectsNegativeBalance
[==========] Running 1 test from 1 test suite.
[----------] Global test environment set-up.
[----------] 1 test from MonthlyInterestCalculator
[ RUN      ] MonthlyInterestCalculator.RejectsNegativeBalance
[       OK ] MonthlyInterestCalculator.RejectsNegativeBalance (0 ms)
[----------] 1 test from MonthlyInterestCalculator (0 ms total)

[----------] Global test environment tear-down
[==========] 1 test from 1 test suite ran. (0 ms total)
[  PASSED  ] 1 test.
<end of output>
Test time =   0.03 sec
----------------------------------------------------------
Test Passed.
"MonthlyInterestCalculator.RejectsNegativeBalance" end time: Jul 21 15:04 India Standard Time
"MonthlyInterestCalculator.RejectsNegativeBalance" time elapsed: 00:00:00
----------------------------------------------------------

26/34 Testing: MonthlyInterestCalcularor.ZeroRateProduceZeroInterest
26/34 Test: MonthlyInterestCalcularor.ZeroRateProduceZeroInterest
Command: "C:/Users/p.anvesh/source/repos/Debt-Pilot/build/tests/Debug/debtpilot_tests.exe" "--gtest_filter=MonthlyInterestCalcularor.ZeroRateProduceZeroInterest" "--gtest_also_run_disabled_tests"
Directory: C:/Users/p.anvesh/source/repos/Debt-Pilot/build/tests
"MonthlyInterestCalcularor.ZeroRateProduceZeroInterest" start time: Jul 21 15:04 India Standard Time
Output:
----------------------------------------------------------
Running main() from C:\Users\p.anvesh\source\repos\Debt-Pilot\build\_deps\googletest-src\googletest\src\gtest_main.cc
Note: Google Test filter = MonthlyInterestCalcularor.ZeroRateProduceZeroInterest
[==========] Running 1 test from 1 test suite.
[----------] Global test environment set-up.
[----------] 1 test from MonthlyInterestCalcularor
[ RUN      ] MonthlyInterestCalcularor.ZeroRateProduceZeroInterest
[       OK ] MonthlyInterestCalcularor.ZeroRateProduceZeroInterest (0 ms)
[----------] 1 test from MonthlyInterestCalcularor (0 ms total)

[----------] Global test environment tear-down
[==========] 1 test from 1 test suite ran. (0 ms total)
[  PASSED  ] 1 test.
<end of output>
Test time =   0.03 sec
----------------------------------------------------------
Test Passed.
"MonthlyInterestCalcularor.ZeroRateProduceZeroInterest" end time: Jul 21 15:04 India Standard Time
"MonthlyInterestCalcularor.ZeroRateProduceZeroInterest" time elapsed: 00:00:00
----------------------------------------------------------

27/34 Testing: MonthlyInterestCalcularor.CalculatesTwelvePercentAnnualInterest
27/34 Test: MonthlyInterestCalcularor.CalculatesTwelvePercentAnnualInterest
Command: "C:/Users/p.anvesh/source/repos/Debt-Pilot/build/tests/Debug/debtpilot_tests.exe" "--gtest_filter=MonthlyInterestCalcularor.CalculatesTwelvePercentAnnualInterest" "--gtest_also_run_disabled_tests"
Directory: C:/Users/p.anvesh/source/repos/Debt-Pilot/build/tests
"MonthlyInterestCalcularor.CalculatesTwelvePercentAnnualInterest" start time: Jul 21 15:04 India Standard Time
Output:
----------------------------------------------------------
Running main() from C:\Users\p.anvesh\source\repos\Debt-Pilot\build\_deps\googletest-src\googletest\src\gtest_main.cc
Note: Google Test filter = MonthlyInterestCalcularor.CalculatesTwelvePercentAnnualInterest
[==========] Running 1 test from 1 test suite.
[----------] Global test environment set-up.
[----------] 1 test from MonthlyInterestCalcularor
[ RUN      ] MonthlyInterestCalcularor.CalculatesTwelvePercentAnnualInterest
[       OK ] MonthlyInterestCalcularor.CalculatesTwelvePercentAnnualInterest (0 ms)
[----------] 1 test from MonthlyInterestCalcularor (0 ms total)

[----------] Global test environment tear-down
[==========] 1 test from 1 test suite ran. (0 ms total)
[  PASSED  ] 1 test.
<end of output>
Test time =   0.03 sec
----------------------------------------------------------
Test Passed.
"MonthlyInterestCalcularor.CalculatesTwelvePercentAnnualInterest" end time: Jul 21 15:04 India Standard Time
"MonthlyInterestCalcularor.CalculatesTwelvePercentAnnualInterest" time elapsed: 00:00:00
----------------------------------------------------------

28/34 Testing: MonthlyRepaymentCalculatorTest.AppliesInterestAndPayment
28/34 Test: MonthlyRepaymentCalculatorTest.AppliesInterestAndPayment
Command: "C:/Users/p.anvesh/source/repos/Debt-Pilot/build/tests/Debug/debtpilot_tests.exe" "--gtest_filter=MonthlyRepaymentCalculatorTest.AppliesInterestAndPayment" "--gtest_also_run_disabled_tests"
Directory: C:/Users/p.anvesh/source/repos/Debt-Pilot/build/tests
"MonthlyRepaymentCalculatorTest.AppliesInterestAndPayment" start time: Jul 21 15:04 India Standard Time
Output:
----------------------------------------------------------
Running main() from C:\Users\p.anvesh\source\repos\Debt-Pilot\build\_deps\googletest-src\googletest\src\gtest_main.cc
Note: Google Test filter = MonthlyRepaymentCalculatorTest.AppliesInterestAndPayment
[==========] Running 1 test from 1 test suite.
[----------] Global test environment set-up.
[----------] 1 test from MonthlyRepaymentCalculatorTest
[ RUN      ] MonthlyRepaymentCalculatorTest.AppliesInterestAndPayment
[       OK ] MonthlyRepaymentCalculatorTest.AppliesInterestAndPayment (0 ms)
[----------] 1 test from MonthlyRepaymentCalculatorTest (0 ms total)

[----------] Global test environment tear-down
[==========] 1 test from 1 test suite ran. (0 ms total)
[  PASSED  ] 1 test.
<end of output>
Test time =   0.03 sec
----------------------------------------------------------
Test Passed.
"MonthlyRepaymentCalculatorTest.AppliesInterestAndPayment" end time: Jul 21 15:04 India Standard Time
"MonthlyRepaymentCalculatorTest.AppliesInterestAndPayment" time elapsed: 00:00:00
----------------------------------------------------------

29/34 Testing: MonthlyRepaymentCalculatorTest.AppliesEntirePaymentToPrincipalAtZeroInterest
29/34 Test: MonthlyRepaymentCalculatorTest.AppliesEntirePaymentToPrincipalAtZeroInterest
Command: "C:/Users/p.anvesh/source/repos/Debt-Pilot/build/tests/Debug/debtpilot_tests.exe" "--gtest_filter=MonthlyRepaymentCalculatorTest.AppliesEntirePaymentToPrincipalAtZeroInterest" "--gtest_also_run_disabled_tests"
Directory: C:/Users/p.anvesh/source/repos/Debt-Pilot/build/tests
"MonthlyRepaymentCalculatorTest.AppliesEntirePaymentToPrincipalAtZeroInterest" start time: Jul 21 15:04 India Standard Time
Output:
----------------------------------------------------------
Running main() from C:\Users\p.anvesh\source\repos\Debt-Pilot\build\_deps\googletest-src\googletest\src\gtest_main.cc
Note: Google Test filter = MonthlyRepaymentCalculatorTest.AppliesEntirePaymentToPrincipalAtZeroInterest
[==========] Running 1 test from 1 test suite.
[----------] Global test environment set-up.
[----------] 1 test from MonthlyRepaymentCalculatorTest
[ RUN      ] MonthlyRepaymentCalculatorTest.AppliesEntirePaymentToPrincipalAtZeroInterest
[       OK ] MonthlyRepaymentCalculatorTest.AppliesEntirePaymentToPrincipalAtZeroInterest (0 ms)
[----------] 1 test from MonthlyRepaymentCalculatorTest (0 ms total)

[----------] Global test environment tear-down
[==========] 1 test from 1 test suite ran. (0 ms total)
[  PASSED  ] 1 test.
<end of output>
Test time =   0.04 sec
----------------------------------------------------------
Test Passed.
"MonthlyRepaymentCalculatorTest.AppliesEntirePaymentToPrincipalAtZeroInterest" end time: Jul 21 15:04 India Standard Time
"MonthlyRepaymentCalculatorTest.AppliesEntirePaymentToPrincipalAtZeroInterest" time elapsed: 00:00:00
----------------------------------------------------------

30/34 Testing: MonthlyRepaymentCalculatorTest.LimitsFinalPaymentToAmountDue
30/34 Test: MonthlyRepaymentCalculatorTest.LimitsFinalPaymentToAmountDue
Command: "C:/Users/p.anvesh/source/repos/Debt-Pilot/build/tests/Debug/debtpilot_tests.exe" "--gtest_filter=MonthlyRepaymentCalculatorTest.LimitsFinalPaymentToAmountDue" "--gtest_also_run_disabled_tests"
Directory: C:/Users/p.anvesh/source/repos/Debt-Pilot/build/tests
"MonthlyRepaymentCalculatorTest.LimitsFinalPaymentToAmountDue" start time: Jul 21 15:04 India Standard Time
Output:
----------------------------------------------------------
Running main() from C:\Users\p.anvesh\source\repos\Debt-Pilot\build\_deps\googletest-src\googletest\src\gtest_main.cc
Note: Google Test filter = MonthlyRepaymentCalculatorTest.LimitsFinalPaymentToAmountDue
[==========] Running 1 test from 1 test suite.
[----------] Global test environment set-up.
[----------] 1 test from MonthlyRepaymentCalculatorTest
[ RUN      ] MonthlyRepaymentCalculatorTest.LimitsFinalPaymentToAmountDue
[       OK ] MonthlyRepaymentCalculatorTest.LimitsFinalPaymentToAmountDue (0 ms)
[----------] 1 test from MonthlyRepaymentCalculatorTest (0 ms total)

[----------] Global test environment tear-down
[==========] 1 test from 1 test suite ran. (0 ms total)
[  PASSED  ] 1 test.
<end of output>
Test time =   0.03 sec
----------------------------------------------------------
Test Passed.
"MonthlyRepaymentCalculatorTest.LimitsFinalPaymentToAmountDue" end time: Jul 21 15:04 India Standard Time
"MonthlyRepaymentCalculatorTest.LimitsFinalPaymentToAmountDue" time elapsed: 00:00:00
----------------------------------------------------------

31/34 Testing: MonthlyRepaymentCalculatorTest.BalanceIncreasesWhenPaymentIsBelowInterest
31/34 Test: MonthlyRepaymentCalculatorTest.BalanceIncreasesWhenPaymentIsBelowInterest
Command: "C:/Users/p.anvesh/source/repos/Debt-Pilot/build/tests/Debug/debtpilot_tests.exe" "--gtest_filter=MonthlyRepaymentCalculatorTest.BalanceIncreasesWhenPaymentIsBelowInterest" "--gtest_also_run_disabled_tests"
Directory: C:/Users/p.anvesh/source/repos/Debt-Pilot/build/tests
"MonthlyRepaymentCalculatorTest.BalanceIncreasesWhenPaymentIsBelowInterest" start time: Jul 21 15:04 India Standard Time
Output:
----------------------------------------------------------
Running main() from C:\Users\p.anvesh\source\repos\Debt-Pilot\build\_deps\googletest-src\googletest\src\gtest_main.cc
Note: Google Test filter = MonthlyRepaymentCalculatorTest.BalanceIncreasesWhenPaymentIsBelowInterest
[==========] Running 1 test from 1 test suite.
[----------] Global test environment set-up.
[----------] 1 test from MonthlyRepaymentCalculatorTest
[ RUN      ] MonthlyRepaymentCalculatorTest.BalanceIncreasesWhenPaymentIsBelowInterest
[       OK ] MonthlyRepaymentCalculatorTest.BalanceIncreasesWhenPaymentIsBelowInterest (0 ms)
[----------] 1 test from MonthlyRepaymentCalculatorTest (0 ms total)

[----------] Global test environment tear-down
[==========] 1 test from 1 test suite ran. (0 ms total)
[  PASSED  ] 1 test.
<end of output>
Test time =   0.03 sec
----------------------------------------------------------
Test Passed.
"MonthlyRepaymentCalculatorTest.BalanceIncreasesWhenPaymentIsBelowInterest" end time: Jul 21 15:04 India Standard Time
"MonthlyRepaymentCalculatorTest.BalanceIncreasesWhenPaymentIsBelowInterest" time elapsed: 00:00:00
----------------------------------------------------------

32/34 Testing: MonthlyRepaymentCalculatorTest.ZeroBalanceRequiresNoPayment
32/34 Test: MonthlyRepaymentCalculatorTest.ZeroBalanceRequiresNoPayment
Command: "C:/Users/p.anvesh/source/repos/Debt-Pilot/build/tests/Debug/debtpilot_tests.exe" "--gtest_filter=MonthlyRepaymentCalculatorTest.ZeroBalanceRequiresNoPayment" "--gtest_also_run_disabled_tests"
Directory: C:/Users/p.anvesh/source/repos/Debt-Pilot/build/tests
"MonthlyRepaymentCalculatorTest.ZeroBalanceRequiresNoPayment" start time: Jul 21 15:04 India Standard Time
Output:
----------------------------------------------------------
Running main() from C:\Users\p.anvesh\source\repos\Debt-Pilot\build\_deps\googletest-src\googletest\src\gtest_main.cc
Note: Google Test filter = MonthlyRepaymentCalculatorTest.ZeroBalanceRequiresNoPayment
[==========] Running 1 test from 1 test suite.
[----------] Global test environment set-up.
[----------] 1 test from MonthlyRepaymentCalculatorTest
[ RUN      ] MonthlyRepaymentCalculatorTest.ZeroBalanceRequiresNoPayment
[       OK ] MonthlyRepaymentCalculatorTest.ZeroBalanceRequiresNoPayment (0 ms)
[----------] 1 test from MonthlyRepaymentCalculatorTest (0 ms total)

[----------] Global test environment tear-down
[==========] 1 test from 1 test suite ran. (0 ms total)
[  PASSED  ] 1 test.
<end of output>
Test time =   0.03 sec
----------------------------------------------------------
Test Passed.
"MonthlyRepaymentCalculatorTest.ZeroBalanceRequiresNoPayment" end time: Jul 21 15:04 India Standard Time
"MonthlyRepaymentCalculatorTest.ZeroBalanceRequiresNoPayment" time elapsed: 00:00:00
----------------------------------------------------------

33/34 Testing: MonthlyRepaymentCalculatorTest.RejectsNegativePayment
33/34 Test: MonthlyRepaymentCalculatorTest.RejectsNegativePayment
Command: "C:/Users/p.anvesh/source/repos/Debt-Pilot/build/tests/Debug/debtpilot_tests.exe" "--gtest_filter=MonthlyRepaymentCalculatorTest.RejectsNegativePayment" "--gtest_also_run_disabled_tests"
Directory: C:/Users/p.anvesh/source/repos/Debt-Pilot/build/tests
"MonthlyRepaymentCalculatorTest.RejectsNegativePayment" start time: Jul 21 15:04 India Standard Time
Output:
----------------------------------------------------------
Running main() from C:\Users\p.anvesh\source\repos\Debt-Pilot\build\_deps\googletest-src\googletest\src\gtest_main.cc
Note: Google Test filter = MonthlyRepaymentCalculatorTest.RejectsNegativePayment
[==========] Running 1 test from 1 test suite.
[----------] Global test environment set-up.
[----------] 1 test from MonthlyRepaymentCalculatorTest
[ RUN      ] MonthlyRepaymentCalculatorTest.RejectsNegativePayment
[       OK ] MonthlyRepaymentCalculatorTest.RejectsNegativePayment (0 ms)
[----------] 1 test from MonthlyRepaymentCalculatorTest (0 ms total)

[----------] Global test environment tear-down
[==========] 1 test from 1 test suite ran. (1 ms total)
[  PASSED  ] 1 test.
<end of output>
Test time =   0.03 sec
----------------------------------------------------------
Test Passed.
"MonthlyRepaymentCalculatorTest.RejectsNegativePayment" end time: Jul 21 15:04 India Standard Time
"MonthlyRepaymentCalculatorTest.RejectsNegativePayment" time elapsed: 00:00:00
----------------------------------------------------------

34/34 Testing: MonthlyRepaymentCalculatorTest.RejectNegativeOpeningBalance
34/34 Test: MonthlyRepaymentCalculatorTest.RejectNegativeOpeningBalance
Command: "C:/Users/p.anvesh/source/repos/Debt-Pilot/build/tests/Debug/debtpilot_tests.exe" "--gtest_filter=MonthlyRepaymentCalculatorTest.RejectNegativeOpeningBalance" "--gtest_also_run_disabled_tests"
Directory: C:/Users/p.anvesh/source/repos/Debt-Pilot/build/tests
"MonthlyRepaymentCalculatorTest.RejectNegativeOpeningBalance" start time: Jul 21 15:04 India Standard Time
Output:
----------------------------------------------------------
Running main() from C:\Users\p.anvesh\source\repos\Debt-Pilot\build\_deps\googletest-src\googletest\src\gtest_main.cc
Note: Google Test filter = MonthlyRepaymentCalculatorTest.RejectNegativeOpeningBalance
[==========] Running 1 test from 1 test suite.
[----------] Global test environment set-up.
[----------] 1 test from MonthlyRepaymentCalculatorTest
[ RUN      ] MonthlyRepaymentCalculatorTest.RejectNegativeOpeningBalance
[       OK ] MonthlyRepaymentCalculatorTest.RejectNegativeOpeningBalance (0 ms)
[----------] 1 test from MonthlyRepaymentCalculatorTest (0 ms total)

[----------] Global test environment tear-down
[==========] 1 test from 1 test suite ran. (0 ms total)
[  PASSED  ] 1 test.
<end of output>
Test time =   0.03 sec
----------------------------------------------------------
Test Passed.
"MonthlyRepaymentCalculatorTest.RejectNegativeOpeningBalance" end time: Jul 21 15:04 India Standard Time
"MonthlyRepaymentCalculatorTest.RejectNegativeOpeningBalance" time elapsed: 00:00:00
----------------------------------------------------------

End testing: Jul 21 15:04 India Standard Time
